<?xml version="1.0" encoding="UTF-8"?>
<!-- Generated by org.testng.reporters.JUnitReportReporter -->
<testsuite hostname="MD-5Q0H9F2" failures="0" tests="1" name="Browserr.DataProvid" time="11.885" errors="0" timestamp="2021-08-04T23:20:33 IST" skipped="0">
  <testcase classname="Browserr.DataProvid" name="login" time="11.885"/>
  <system-out/>
</testsuite> <!-- Browserr.DataProvid -->
