<?xml version="1.0" encoding="UTF-8"?>
<!-- Generated by org.testng.reporters.JUnitReportReporter -->
<testsuite hostname="MD-5Q0H9F2" failures="0" tests="1" name="Browserr.SeleniumEasy" time="33.947" errors="0" timestamp="2021-08-05T23:00:36 IST" skipped="0">
  <testcase classname="Browserr.SeleniumEasy" name="managewindow" time="33.947"/>
  <system-out/>
</testsuite> <!-- Browserr.SeleniumEasy -->
