<?xml version="1.0" encoding="UTF-8"?>
<!-- Generated by org.testng.reporters.JUnitReportReporter -->
<testsuite hostname="MD-5Q0H9F2" failures="0" tests="1" name="Browserr.BrokenLinks" time="90.359" errors="0" timestamp="2021-08-05T23:46:48 IST" skipped="0">
  <testcase classname="Browserr.BrokenLinks" name="breaklink" time="90.359"/>
  <system-out/>
</testsuite> <!-- Browserr.BrokenLinks -->
