<?xml version="1.0" encoding="UTF-8"?>
<!-- Generated by org.testng.reporters.JUnitReportReporter -->
<testsuite hostname="MD-5Q0H9F2" failures="0" tests="1" name="Browserr.ScreenshotFirstTest" time="81.081" errors="0" timestamp="2021-08-01T01:09:38 IST" skipped="0">
  <testcase classname="Browserr.ScreenshotFirstTest" name="draganddrop" time="81.081"/>
  <system-out/>
</testsuite> <!-- Browserr.ScreenshotFirstTest -->
