<?xml version="1.0" encoding="UTF-8"?>
<!-- Generated by org.testng.reporters.JUnitReportReporter -->
<testsuite hostname="MD-5Q0H9F2" failures="0" tests="1" name="TestNGListenerConcept.ScreenshotTest" time="5.492" errors="0" timestamp="2021-07-30T00:08:34 IST" skipped="0">
  <testcase classname="TestNGListenerConcept.ScreenshotTest" name="Test" time="5.492"/>
  <system-out/>
</testsuite> <!-- TestNGListenerConcept.ScreenshotTest -->
