<?xml version="1.0" encoding="UTF-8"?>
<!-- Generated by org.testng.reporters.JUnitReportReporter -->
<testsuite hostname="MD-5Q0H9F2" failures="0" tests="1" name="Browserr.DemoSelenium" time="15.553" errors="0" timestamp="2021-07-31T17:43:47 IST" skipped="0">
  <testcase classname="Browserr.DemoSelenium" name="testing" time="15.553"/>
  <system-out/>
</testsuite> <!-- Browserr.DemoSelenium -->
